[2025-07-31 08:57:02] local.ERROR: The process "'/home/hamid/.config/herd-lite/bin/php' 'artisan' 'queue:work' '--once' '--name=default' '--queue=default' '--backoff=0' '--memory=128' '--sleep=3' '--tries=1'" exceeded the timeout of 60 seconds. {"exception":"[object] (Symfony\\Component\\Process\\Exception\\ProcessTimedOutException(code: 0): The process \"'/home/hamid/.config/herd-lite/bin/php' 'artisan' 'queue:work' '--once' '--name=default' '--queue=default' '--backoff=0' '--memory=128' '--sleep=3' '--tries=1'\" exceeded the timeout of 60 seconds. at /home/hamid/gcom/vendor/symfony/process/Process.php:1181)
[stacktrace]
#0 /home/hamid/gcom/vendor/symfony/process/Process.php(450): Symfony\\Component\\Process\\Process->checkTimeout()
#1 /home/hamid/gcom/vendor/symfony/process/Process.php(251): Symfony\\Component\\Process\\Process->wait()
#2 /home/hamid/gcom/vendor/laravel/framework/src/Illuminate/Queue/Listener.php(180): Symfony\\Component\\Process\\Process->run(Object(Closure))
#3 /home/hamid/gcom/vendor/laravel/framework/src/Illuminate/Queue/Listener.php(91): Illuminate\\Queue\\Listener->runProcess(Object(Symfony\\Component\\Process\\Process), '128')
#4 /home/hamid/gcom/vendor/laravel/framework/src/Illuminate/Queue/Console/ListenCommand.php(74): Illuminate\\Queue\\Listener->listen(NULL, 'default', Object(Illuminate\\Queue\\ListenerOptions))
#5 /home/hamid/gcom/vendor/laravel/framework/src/Illuminate/Container/BoundMethod.php(36): Illuminate\\Queue\\Console\\ListenCommand->handle()
#6 /home/hamid/gcom/vendor/laravel/framework/src/Illuminate/Container/Util.php(43): Illuminate\\Container\\BoundMethod::{closure:Illuminate\\Container\\BoundMethod::call():35}()
#7 /home/hamid/gcom/vendor/laravel/framework/src/Illuminate/Container/BoundMethod.php(96): Illuminate\\Container\\Util::unwrapIfClosure(Object(Closure))
#8 /home/hamid/gcom/vendor/laravel/framework/src/Illuminate/Container/BoundMethod.php(35): Illuminate\\Container\\BoundMethod::callBoundMethod(Object(Illuminate\\Foundation\\Application), Array, Object(Closure))
#9 /home/hamid/gcom/vendor/laravel/framework/src/Illuminate/Container/Container.php(754): Illuminate\\Container\\BoundMethod::call(Object(Illuminate\\Foundation\\Application), Array, Array, NULL)
#10 /home/hamid/gcom/vendor/laravel/framework/src/Illuminate/Console/Command.php(211): Illuminate\\Container\\Container->call(Array)
#11 /home/hamid/gcom/vendor/symfony/console/Command/Command.php(318): Illuminate\\Console\\Command->execute(Object(Symfony\\Component\\Console\\Input\\ArgvInput), Object(Illuminate\\Console\\OutputStyle))
#12 /home/hamid/gcom/vendor/laravel/framework/src/Illuminate/Console/Command.php(180): Symfony\\Component\\Console\\Command\\Command->run(Object(Symfony\\Component\\Console\\Input\\ArgvInput), Object(Illuminate\\Console\\OutputStyle))
#13 /home/hamid/gcom/vendor/symfony/console/Application.php(1092): Illuminate\\Console\\Command->run(Object(Symfony\\Component\\Console\\Input\\ArgvInput), Object(Symfony\\Component\\Console\\Output\\ConsoleOutput))
#14 /home/hamid/gcom/vendor/symfony/console/Application.php(341): Symfony\\Component\\Console\\Application->doRunCommand(Object(Illuminate\\Queue\\Console\\ListenCommand), Object(Symfony\\Component\\Console\\Input\\ArgvInput), Object(Symfony\\Component\\Console\\Output\\ConsoleOutput))
#15 /home/hamid/gcom/vendor/symfony/console/Application.php(192): Symfony\\Component\\Console\\Application->doRun(Object(Symfony\\Component\\Console\\Input\\ArgvInput), Object(Symfony\\Component\\Console\\Output\\ConsoleOutput))
#16 /home/hamid/gcom/vendor/laravel/framework/src/Illuminate/Foundation/Console/Kernel.php(197): Symfony\\Component\\Console\\Application->run(Object(Symfony\\Component\\Console\\Input\\ArgvInput), Object(Symfony\\Component\\Console\\Output\\ConsoleOutput))
#17 /home/hamid/gcom/vendor/laravel/framework/src/Illuminate/Foundation/Application.php(1234): Illuminate\\Foundation\\Console\\Kernel->handle(Object(Symfony\\Component\\Console\\Input\\ArgvInput), Object(Symfony\\Component\\Console\\Output\\ConsoleOutput))
#18 /home/hamid/gcom/artisan(16): Illuminate\\Foundation\\Application->handleCommand(Object(Symfony\\Component\\Console\\Input\\ArgvInput))
#19 {main}
"} 
[2025-07-31 09:00:40] local.ERROR: Syntax error {"exception":"[object] (JsonException(code: 4): Syntax error at /home/hamid/gcom/vendor/laravel/pail/src/ValueObjects/MessageLogged.php:30)
[stacktrace]
#0 /home/hamid/gcom/vendor/laravel/pail/src/ValueObjects/MessageLogged.php(30): json_decode('tail: '/home/ha...', true, 512, 4194304)
#1 /home/hamid/gcom/vendor/laravel/pail/src/ProcessFactory.php(42): Laravel\\Pail\\ValueObjects\\MessageLogged::fromJson('tail: '/home/ha...')
#2 [internal function]: Laravel\\Pail\\ProcessFactory->{closure:{closure:Laravel\\Pail\\ProcessFactory::run():26}:42}('tail: '/home/ha...', 0)
#3 /home/hamid/gcom/vendor/laravel/framework/src/Illuminate/Collections/Arr.php(754): array_map(Object(Closure), Array, Array)
#4 /home/hamid/gcom/vendor/laravel/framework/src/Illuminate/Collections/Collection.php(809): Illuminate\\Support\\Arr::map(Array, Object(Closure))
#5 /home/hamid/gcom/vendor/laravel/pail/src/ProcessFactory.php(42): Illuminate\\Support\\Collection->map(Object(Closure))
#6 /home/hamid/gcom/vendor/symfony/process/Process.php(1311): Laravel\\Pail\\ProcessFactory->{closure:Laravel\\Pail\\ProcessFactory::run():26}('err', 'tail: '/home/ha...')
#7 /home/hamid/gcom/vendor/symfony/process/Process.php(1411): Symfony\\Component\\Process\\Process->{closure:Symfony\\Component\\Process\\Process::buildCallback():1304}('err', 'tail: '/home/ha...')
#8 /home/hamid/gcom/vendor/symfony/process/Process.php(452): Symfony\\Component\\Process\\Process->readPipes(true, true)
#9 /home/hamid/gcom/vendor/symfony/process/Process.php(251): Symfony\\Component\\Process\\Process->wait()
#10 /home/hamid/gcom/vendor/laravel/framework/src/Illuminate/Support/HigherOrderTapProxy.php(33): Symfony\\Component\\Process\\Process->run(Object(Closure))
#11 /home/hamid/gcom/vendor/laravel/framework/src/Illuminate/Process/PendingProcess.php(258): Illuminate\\Support\\HigherOrderTapProxy->__call('run', Array)
#12 /home/hamid/gcom/vendor/laravel/pail/src/ProcessFactory.php(24): Illuminate\\Process\\PendingProcess->run('\\\\tail -F \"/home...', Object(Closure))
#13 /home/hamid/gcom/vendor/laravel/pail/src/Console/Commands/PailCommand.php(86): Laravel\\Pail\\ProcessFactory->run(Object(Laravel\\Pail\\File), Object(Illuminate\\Console\\OutputStyle), '/home/hamid/gco...', Object(Laravel\\Pail\\Options))
#14 /home/hamid/gcom/vendor/laravel/framework/src/Illuminate/Container/BoundMethod.php(36): Laravel\\Pail\\Console\\Commands\\PailCommand->handle(Object(Laravel\\Pail\\ProcessFactory))
#15 /home/hamid/gcom/vendor/laravel/framework/src/Illuminate/Container/Util.php(43): Illuminate\\Container\\BoundMethod::{closure:Illuminate\\Container\\BoundMethod::call():35}()
#16 /home/hamid/gcom/vendor/laravel/framework/src/Illuminate/Container/BoundMethod.php(96): Illuminate\\Container\\Util::unwrapIfClosure(Object(Closure))
#17 /home/hamid/gcom/vendor/laravel/framework/src/Illuminate/Container/BoundMethod.php(35): Illuminate\\Container\\BoundMethod::callBoundMethod(Object(Illuminate\\Foundation\\Application), Array, Object(Closure))
#18 /home/hamid/gcom/vendor/laravel/framework/src/Illuminate/Container/Container.php(754): Illuminate\\Container\\BoundMethod::call(Object(Illuminate\\Foundation\\Application), Array, Array, NULL)
#19 /home/hamid/gcom/vendor/laravel/framework/src/Illuminate/Console/Command.php(211): Illuminate\\Container\\Container->call(Array)
#20 /home/hamid/gcom/vendor/symfony/console/Command/Command.php(318): Illuminate\\Console\\Command->execute(Object(Symfony\\Component\\Console\\Input\\ArgvInput), Object(Illuminate\\Console\\OutputStyle))
#21 /home/hamid/gcom/vendor/laravel/framework/src/Illuminate/Console/Command.php(180): Symfony\\Component\\Console\\Command\\Command->run(Object(Symfony\\Component\\Console\\Input\\ArgvInput), Object(Illuminate\\Console\\OutputStyle))
#22 /home/hamid/gcom/vendor/symfony/console/Application.php(1092): Illuminate\\Console\\Command->run(Object(Symfony\\Component\\Console\\Input\\ArgvInput), Object(Symfony\\Component\\Console\\Output\\ConsoleOutput))
#23 /home/hamid/gcom/vendor/symfony/console/Application.php(341): Symfony\\Component\\Console\\Application->doRunCommand(Object(Laravel\\Pail\\Console\\Commands\\PailCommand), Object(Symfony\\Component\\Console\\Input\\ArgvInput), Object(Symfony\\Component\\Console\\Output\\ConsoleOutput))
#24 /home/hamid/gcom/vendor/symfony/console/Application.php(192): Symfony\\Component\\Console\\Application->doRun(Object(Symfony\\Component\\Console\\Input\\ArgvInput), Object(Symfony\\Component\\Console\\Output\\ConsoleOutput))
#25 /home/hamid/gcom/vendor/laravel/framework/src/Illuminate/Foundation/Console/Kernel.php(197): Symfony\\Component\\Console\\Application->run(Object(Symfony\\Component\\Console\\Input\\ArgvInput), Object(Symfony\\Component\\Console\\Output\\ConsoleOutput))
#26 /home/hamid/gcom/vendor/laravel/framework/src/Illuminate/Foundation/Application.php(1234): Illuminate\\Foundation\\Console\\Kernel->handle(Object(Symfony\\Component\\Console\\Input\\ArgvInput), Object(Symfony\\Component\\Console\\Output\\ConsoleOutput))
#27 /home/hamid/gcom/artisan(16): Illuminate\\Foundation\\Application->handleCommand(Object(Symfony\\Component\\Console\\Input\\ArgvInput))
#28 {main}
"} 
[2025-07-31 10:21:42] local.ERROR: Command "migration" is not defined.

Did you mean one of these?
    make:migration
    migrate
    migrate:fresh
    migrate:install
    migrate:refresh
    migrate:reset
    migrate:rollback
    migrate:status {"exception":"[object] (Symfony\\Component\\Console\\Exception\\CommandNotFoundException(code: 0): Command \"migration\" is not defined.

Did you mean one of these?
    make:migration
    migrate
    migrate:fresh
    migrate:install
    migrate:refresh
    migrate:reset
    migrate:rollback
    migrate:status at /home/hamid/gcom/vendor/symfony/console/Application.php:725)
[stacktrace]
#0 /home/hamid/gcom/vendor/symfony/console/Application.php(283): Symfony\\Component\\Console\\Application->find('migration')
#1 /home/hamid/gcom/vendor/symfony/console/Application.php(192): Symfony\\Component\\Console\\Application->doRun(Object(Symfony\\Component\\Console\\Input\\ArgvInput), Object(Symfony\\Component\\Console\\Output\\ConsoleOutput))
#2 /home/hamid/gcom/vendor/laravel/framework/src/Illuminate/Foundation/Console/Kernel.php(197): Symfony\\Component\\Console\\Application->run(Object(Symfony\\Component\\Console\\Input\\ArgvInput), Object(Symfony\\Component\\Console\\Output\\ConsoleOutput))
#3 /home/hamid/gcom/vendor/laravel/framework/src/Illuminate/Foundation/Application.php(1234): Illuminate\\Foundation\\Console\\Kernel->handle(Object(Symfony\\Component\\Console\\Input\\ArgvInput), Object(Symfony\\Component\\Console\\Output\\ConsoleOutput))
#4 /home/hamid/gcom/artisan(16): Illuminate\\Foundation\\Application->handleCommand(Object(Symfony\\Component\\Console\\Input\\ArgvInput))
#5 {main}
"} 
